0 info it worked if it ends with ok
1 verbose cli [ 'D:\\Programs\\node.exe',
1 verbose cli   'D:\\Programs\\node_modules\\npm\\bin\\npm-cli.js',
1 verbose cli   'prefix',
1 verbose cli   '-g' ]
2 info using npm@4.1.2
3 info using node@v7.7.0
4 verbose exit [ 0, true ]
5 verbose stack Error: kill ENOSYS
5 verbose stack     at exports._errnoException (util.js:1029:11)
5 verbose stack     at process.kill (internal/process.js:188:13)
5 verbose stack     at process.listener (D:\Programs\node_modules\npm\node_modules\npmlog\node_modules\gauge\node_modules\signal-exit\index.js:95:15)
5 verbose stack     at emitNone (events.js:86:13)
5 verbose stack     at process.emit (events.js:188:7)
5 verbose stack     at processEmit (D:\Programs\node_modules\npm\node_modules\npmlog\node_modules\gauge\node_modules\signal-exit\index.js:155:32)
5 verbose stack     at Signal.wrap.onsignal (internal/process.js:215:44)
6 verbose cwd C:\Users\leung\Desktop\UCLA Coding Bootcamp\My Projects\100-days-of-code
7 error Windows_NT 10.0.16299
8 error argv "D:\\Programs\\node.exe" "D:\\Programs\\node_modules\\npm\\bin\\npm-cli.js" "prefix" "-g"
9 error node v7.7.0
10 error npm  v4.1.2
11 error code ENOSYS
12 error errno ENOSYS
13 error syscall kill
14 error kill ENOSYS
15 error If you need help, you may report this error at:
15 error     <https://github.com/npm/npm/issues>
16 verbose exit [ 1, true ]
